--------------------------------------------------------------------------------
Release 14.7 Trace  (nt64)
Copyright (c) 1995-2013 Xilinx, Inc.  All rights reserved.

C:\Xilinx\14.7\ISE_DS\ISE\bin\nt64\unwrapped\trce.exe -intstyle ise -v 3 -s 5
-n 3 -fastpaths -xml embedded_kcpsm3.twx embedded_kcpsm3.ncd -o
embedded_kcpsm3.twr embedded_kcpsm3.pcf -ucf Basys2_100_250General.ucf

Design file:              embedded_kcpsm3.ncd
Physical constraint file: embedded_kcpsm3.pcf
Device,package,speed:     xc3s250e,cp132,-5 (PRODUCTION 1.27 2013-10-13)
Report level:             verbose report

Environment Variable      Effect 
--------------------      ------ 
NONE                      No environment variables were set
--------------------------------------------------------------------------------

INFO:Timing:2698 - No timing constraints found, doing default enumeration.
INFO:Timing:3412 - To improve timing, see the Timing Closure User Guide (UG612).
INFO:Timing:2752 - To get complete path coverage, use the unconstrained paths 
   option. All paths that are not constrained will be reported in the 
   unconstrained paths section(s) of the report.
INFO:Timing:3339 - The clock-to-out numbers in this timing report are based on 
   a 50 Ohm transmission line loading model.  For the details of this model, 
   and for more information on accounting for different loading conditions, 
   please see the device datasheet.
INFO:Timing:3390 - This architecture does not support a default System Jitter 
   value, please add SYSTEM_JITTER constraint to the UCF to modify the Clock 
   Uncertainty calculation.
INFO:Timing:3389 - This architecture does not support 'Discrete Jitter' and 
   'Phase Error' calculations, these terms will be zero in the Clock 
   Uncertainty calculation.  Please make appropriate modification to 
   SYSTEM_JITTER to account for the unsupported Discrete Jitter and Phase 
   Error.



Data Sheet report:
-----------------
All values displayed in nanoseconds (ns)

Clock to Setup on destination clock clk
---------------+---------+---------+---------+---------+
               | Src:Rise| Src:Fall| Src:Rise| Src:Fall|
Source Clock   |Dest:Rise|Dest:Rise|Dest:Fall|Dest:Fall|
---------------+---------+---------+---------+---------+
clk            |   18.774|         |         |         |
---------------+---------+---------+---------+---------+

Pad to Pad
---------------+---------------+---------+
Source Pad     |Destination Pad|  Delay  |
---------------+---------------+---------+
sw1            |leds_result<0> |    7.677|
sw1            |leds_result<1> |    8.648|
sw1            |leds_result<2> |    6.906|
sw1            |leds_result<3> |    7.369|
sw1            |leds_result<4> |    7.311|
sw1            |leds_result<5> |    7.482|
sw1            |leds_result<6> |    7.687|
sw1            |leds_result<7> |    8.663|
sw2            |leds_result<0> |    7.518|
sw2            |leds_result<1> |    7.939|
sw2            |leds_result<2> |    7.080|
sw2            |leds_result<3> |    7.655|
sw2            |leds_result<4> |    7.845|
sw2            |leds_result<5> |    8.330|
sw2            |leds_result<6> |    7.465|
sw2            |leds_result<7> |    8.555|
---------------+---------------+---------+


Analysis completed Thu Sep 28 18:10:52 2017 
--------------------------------------------------------------------------------

Trace Settings:
-------------------------
Trace Settings 

Peak Memory Usage: 220 MB



